<?xml version="1.0" encoding="UTF-8"?>
<coverage generated="1722374207242" clover="3.2.0">
  <project timestamp="1722374207242" name="All files">
    <metrics statements="35" coveredstatements="32" conditionals="19" coveredconditionals="14" methods="16" coveredmethods="14" elements="70" coveredelements="60" complexity="0" loc="35" ncloc="35" packages="3" files="6" classes="6"/>
    <package name="mocks">
      <metrics statements="1" coveredstatements="1" conditionals="0" coveredconditionals="0" methods="0" coveredmethods="0"/>
      <file name="StyleMock.jsx" path="/home/gulshair/Documents/GitHub/Landing_FoodTask/mocks/StyleMock.jsx">
        <metrics statements="1" coveredstatements="1" conditionals="0" coveredconditionals="0" methods="0" coveredmethods="0"/>
        <line num="1" count="4" type="stmt"/>
      </file>
    </package>
    <package name="src.components">
      <metrics statements="26" coveredstatements="23" conditionals="17" coveredconditionals="12" methods="13" coveredmethods="11"/>
      <file name="Card.jsx" path="/home/gulshair/Documents/GitHub/Landing_FoodTask/src/components/Card.jsx">
        <metrics statements="2" coveredstatements="2" conditionals="8" coveredconditionals="6" methods="1" coveredmethods="1"/>
        <line num="14" count="4" type="stmt"/>
        <line num="64" count="3" type="stmt"/>
      </file>
      <file name="FoodList.jsx" path="/home/gulshair/Documents/GitHub/Landing_FoodTask/src/components/FoodList.jsx">
        <metrics statements="4" coveredstatements="4" conditionals="3" coveredconditionals="2" methods="2" coveredmethods="2"/>
        <line num="12" count="2" type="stmt"/>
        <line num="14" count="2" type="stmt"/>
        <line num="19" count="3" type="stmt"/>
        <line num="34" count="2" type="stmt"/>
      </file>
      <file name="Header.jsx" path="/home/gulshair/Documents/GitHub/Landing_FoodTask/src/components/Header.jsx">
        <metrics statements="18" coveredstatements="15" conditionals="6" coveredconditionals="4" methods="9" coveredmethods="7"/>
        <line num="7" count="5" type="stmt"/>
        <line num="8" count="5" type="stmt"/>
        <line num="13" count="5" type="stmt"/>
        <line num="15" count="5" type="stmt"/>
        <line num="16" count="0" type="stmt"/>
        <line num="17" count="0" type="stmt"/>
        <line num="20" count="5" type="stmt"/>
        <line num="21" count="1" type="stmt"/>
        <line num="22" count="1" type="stmt"/>
        <line num="23" count="1" type="stmt"/>
        <line num="26" count="5" type="stmt"/>
        <line num="41" count="1" type="stmt"/>
        <line num="42" count="1" type="stmt"/>
        <line num="44" count="0" type="cond" truecount="0" falsecount="2"/>
        <line num="49" count="8" type="stmt"/>
        <line num="51" count="1" type="stmt"/>
        <line num="63" count="10" type="stmt"/>
        <line num="68" count="1" type="stmt"/>
      </file>
      <file name="Loader.jsx" path="/home/gulshair/Documents/GitHub/Landing_FoodTask/src/components/Loader.jsx">
        <metrics statements="2" coveredstatements="2" conditionals="0" coveredconditionals="0" methods="1" coveredmethods="1"/>
        <line num="4" count="1" type="stmt"/>
        <line num="5" count="1" type="stmt"/>
      </file>
    </package>
    <package name="src.pages">
      <metrics statements="8" coveredstatements="8" conditionals="2" coveredconditionals="2" methods="3" coveredmethods="3"/>
      <file name="MainPage.jsx" path="/home/gulshair/Documents/GitHub/Landing_FoodTask/src/pages/MainPage.jsx">
        <metrics statements="8" coveredstatements="8" conditionals="2" coveredconditionals="2" methods="3" coveredmethods="3"/>
        <line num="6" count="1" type="stmt"/>
        <line num="7" count="3" type="stmt"/>
        <line num="8" count="2" type="stmt"/>
        <line num="9" count="2" type="stmt"/>
        <line num="11" count="2" type="stmt"/>
        <line num="12" count="1" type="stmt"/>
        <line num="13" count="1" type="stmt"/>
        <line num="17" count="2" type="stmt"/>
      </file>
    </package>
  </project>
</coverage>
