{"/home/gulshair/Documents/GitHub/Landing_FoodTask/mocks/StyleMock.jsx": {"path":"/home/gulshair/Documents/GitHub/Landing_FoodTask/mocks/StyleMock.jsx","statementMap":{"0":{"start":{"line":1,"column":0},"end":{"line":1,"column":20}}},"fnMap":{},"branchMap":{},"s":{"0":4},"f":{},"b":{},"_coverageSchema":"1a1c01bbd47fc00a2c39e90264f33305004495a9","hash":"04b7a8c3b08548b7e668d4b4bacc3902ea2e57ae"}
,"/home/gulshair/Documents/GitHub/Landing_FoodTask/src/components/Card.jsx": {"path":"/home/gulshair/Documents/GitHub/Landing_FoodTask/src/components/Card.jsx","statementMap":{"0":{"start":{"line":14,"column":2},"end":{"line":61,"column":4}},"1":{"start":{"line":64,"column":0},"end":{"line":72,"column":2}}},"fnMap":{"0":{"name":"Card","decl":{"start":{"line":5,"column":9},"end":{"line":5,"column":13}},"loc":{"start":{"line":13,"column":3},"end":{"line":62,"column":1}},"line":13}},"branchMap":{"0":{"loc":{"start":{"line":23,"column":11},"end":{"line":29,"column":11}},"type":"binary-expr","locations":[{"start":{"line":23,"column":11},"end":{"line":23,"column":31}},{"start":{"line":24,"column":12},"end":{"line":28,"column":14}}],"line":23},"1":{"loc":{"start":{"line":30,"column":11},"end":{"line":32,"column":11}},"type":"binary-expr","locations":[{"start":{"line":30,"column":11},"end":{"line":30,"column":30}},{"start":{"line":31,"column":12},"end":{"line":31,"column":61}}],"line":30},"2":{"loc":{"start":{"line":33,"column":11},"end":{"line":35,"column":11}},"type":"binary-expr","locations":[{"start":{"line":33,"column":11},"end":{"line":33,"column":35}},{"start":{"line":34,"column":12},"end":{"line":34,"column":57}}],"line":33},"3":{"loc":{"start":{"line":57,"column":27},"end":{"line":57,"column":72}},"type":"binary-expr","locations":[{"start":{"line":57,"column":27},"end":{"line":57,"column":32}},{"start":{"line":57,"column":36},"end":{"line":57,"column":72}}],"line":57}},"s":{"0":4,"1":3},"f":{"0":4},"b":{"0":[4,2],"1":[4,0],"2":[4,0],"3":[4,2]},"_coverageSchema":"1a1c01bbd47fc00a2c39e90264f33305004495a9","hash":"59ad559868be3d2f972d8ef373561c92632fb7a3"}
,"/home/gulshair/Documents/GitHub/Landing_FoodTask/src/components/FoodList.jsx": {"path":"/home/gulshair/Documents/GitHub/Landing_FoodTask/src/components/FoodList.jsx","statementMap":{"0":{"start":{"line":12,"column":6},"end":{"line":12,"column":45}},"1":{"start":{"line":14,"column":2},"end":{"line":31,"column":4}},"2":{"start":{"line":19,"column":12},"end":{"line":19,"column":44}},"3":{"start":{"line":34,"column":0},"end":{"line":37,"column":2}}},"fnMap":{"0":{"name":"FoodList","decl":{"start":{"line":7,"column":9},"end":{"line":7,"column":17}},"loc":{"start":{"line":7,"column":50},"end":{"line":32,"column":1}},"line":7},"1":{"name":"(anonymous_1)","decl":{"start":{"line":18,"column":51},"end":{"line":18,"column":52}},"loc":{"start":{"line":19,"column":12},"end":{"line":19,"column":44}},"line":19}},"branchMap":{"0":{"loc":{"start":{"line":9,"column":4},"end":{"line":9,"column":21}},"type":"default-arg","locations":[{"start":{"line":9,"column":19},"end":{"line":9,"column":21}}],"line":9},"1":{"loc":{"start":{"line":23,"column":7},"end":{"line":29,"column":7}},"type":"binary-expr","locations":[{"start":{"line":23,"column":7},"end":{"line":23,"column":41}},{"start":{"line":24,"column":8},"end":{"line":28,"column":14}}],"line":23}},"s":{"0":2,"1":2,"2":3,"3":2},"f":{"0":2,"1":3},"b":{"0":[0],"1":[2,1]},"_coverageSchema":"1a1c01bbd47fc00a2c39e90264f33305004495a9","hash":"5b4193ae0f8b7585f7153376f48937e25176eb45"}
,"/home/gulshair/Documents/GitHub/Landing_FoodTask/src/components/Header.jsx": {"path":"/home/gulshair/Documents/GitHub/Landing_FoodTask/src/components/Header.jsx","statementMap":{"0":{"start":{"line":7,"column":21},"end":{"line":7,"column":36}},"1":{"start":{"line":8,"column":62},"end":{"line":11,"column":3}},"2":{"start":{"line":13,"column":48},"end":{"line":13,"column":60}},"3":{"start":{"line":15,"column":29},"end":{"line":18,"column":3}},"4":{"start":{"line":16,"column":4},"end":{"line":16,"column":35}},"5":{"start":{"line":17,"column":4},"end":{"line":17,"column":23}},"6":{"start":{"line":20,"column":32},"end":{"line":24,"column":3}},"7":{"start":{"line":21,"column":4},"end":{"line":21,"column":35}},"8":{"start":{"line":22,"column":4},"end":{"line":22,"column":30}},"9":{"start":{"line":23,"column":4},"end":{"line":23,"column":23}},"10":{"start":{"line":26,"column":2},"end":{"line":75,"column":4}},"11":{"start":{"line":41,"column":12},"end":{"line":41,"column":47}},"12":{"start":{"line":42,"column":12},"end":{"line":42,"column":47}},"13":{"start":{"line":44,"column":28},"end":{"line":44,"column":69}},"14":{"start":{"line":49,"column":14},"end":{"line":55,"column":18}},"15":{"start":{"line":51,"column":31},"end":{"line":51,"column":64}},"16":{"start":{"line":63,"column":10},"end":{"line":71,"column":19}},"17":{"start":{"line":68,"column":27},"end":{"line":68,"column":57}}},"fnMap":{"0":{"name":"Header","decl":{"start":{"line":6,"column":9},"end":{"line":6,"column":15}},"loc":{"start":{"line":6,"column":70},"end":{"line":76,"column":1}},"line":6},"1":{"name":"(anonymous_1)","decl":{"start":{"line":15,"column":29},"end":{"line":15,"column":30}},"loc":{"start":{"line":15,"column":35},"end":{"line":18,"column":3}},"line":15},"2":{"name":"(anonymous_2)","decl":{"start":{"line":20,"column":32},"end":{"line":20,"column":33}},"loc":{"start":{"line":20,"column":48},"end":{"line":24,"column":3}},"line":20},"3":{"name":"(anonymous_3)","decl":{"start":{"line":40,"column":20},"end":{"line":40,"column":21}},"loc":{"start":{"line":40,"column":27},"end":{"line":43,"column":11}},"line":40},"4":{"name":"(anonymous_4)","decl":{"start":{"line":44,"column":21},"end":{"line":44,"column":22}},"loc":{"start":{"line":44,"column":28},"end":{"line":44,"column":69}},"line":44},"5":{"name":"(anonymous_5)","decl":{"start":{"line":48,"column":29},"end":{"line":48,"column":30}},"loc":{"start":{"line":49,"column":14},"end":{"line":55,"column":18}},"line":49},"6":{"name":"(anonymous_6)","decl":{"start":{"line":51,"column":25},"end":{"line":51,"column":26}},"loc":{"start":{"line":51,"column":31},"end":{"line":51,"column":64}},"line":51},"7":{"name":"(anonymous_7)","decl":{"start":{"line":62,"column":24},"end":{"line":62,"column":25}},"loc":{"start":{"line":63,"column":10},"end":{"line":71,"column":19}},"line":63},"8":{"name":"(anonymous_8)","decl":{"start":{"line":68,"column":21},"end":{"line":68,"column":22}},"loc":{"start":{"line":68,"column":27},"end":{"line":68,"column":57}},"line":68}},"branchMap":{"0":{"loc":{"start":{"line":44,"column":28},"end":{"line":44,"column":69}},"type":"binary-expr","locations":[{"start":{"line":44,"column":28},"end":{"line":44,"column":45}},{"start":{"line":44,"column":49},"end":{"line":44,"column":69}}],"line":44},"1":{"loc":{"start":{"line":46,"column":9},"end":{"line":58,"column":9}},"type":"binary-expr","locations":[{"start":{"line":46,"column":9},"end":{"line":46,"column":31}},{"start":{"line":47,"column":10},"end":{"line":57,"column":16}}],"line":46},"2":{"loc":{"start":{"line":66,"column":14},"end":{"line":66,"column":69}},"type":"cond-expr","locations":[{"start":{"line":66,"column":47},"end":{"line":66,"column":64}},{"start":{"line":66,"column":67},"end":{"line":66,"column":69}}],"line":66}},"s":{"0":5,"1":5,"2":5,"3":5,"4":0,"5":0,"6":5,"7":1,"8":1,"9":1,"10":5,"11":1,"12":1,"13":0,"14":8,"15":1,"16":10,"17":1},"f":{"0":5,"1":0,"2":1,"3":1,"4":0,"5":8,"6":1,"7":10,"8":1},"b":{"0":[0,0],"1":[5,4],"2":[4,6]},"_coverageSchema":"1a1c01bbd47fc00a2c39e90264f33305004495a9","hash":"555c73565394b8548068c70e948aec7b05319769"}
,"/home/gulshair/Documents/GitHub/Landing_FoodTask/src/components/Loader.jsx": {"path":"/home/gulshair/Documents/GitHub/Landing_FoodTask/src/components/Loader.jsx","statementMap":{"0":{"start":{"line":4,"column":15},"end":{"line":10,"column":1}},"1":{"start":{"line":5,"column":2},"end":{"line":9,"column":4}}},"fnMap":{"0":{"name":"(anonymous_0)","decl":{"start":{"line":4,"column":15},"end":{"line":4,"column":16}},"loc":{"start":{"line":4,"column":21},"end":{"line":10,"column":1}},"line":4}},"branchMap":{},"s":{"0":1,"1":1},"f":{"0":1},"b":{},"_coverageSchema":"1a1c01bbd47fc00a2c39e90264f33305004495a9","hash":"de4575c34f66f52a6e4da99afa6327ab5e5ca7af"}
,"/home/gulshair/Documents/GitHub/Landing_FoodTask/src/pages/MainPage.jsx": {"path":"/home/gulshair/Documents/GitHub/Landing_FoodTask/src/pages/MainPage.jsx","statementMap":{"0":{"start":{"line":6,"column":17},"end":{"line":38,"column":1}},"1":{"start":{"line":7,"column":46},"end":{"line":7,"column":61}},"2":{"start":{"line":8,"column":38},"end":{"line":8,"column":50}},"3":{"start":{"line":9,"column":32},"end":{"line":9,"column":46}},"4":{"start":{"line":11,"column":2},"end":{"line":15,"column":9}},"5":{"start":{"line":12,"column":4},"end":{"line":14,"column":13}},"6":{"start":{"line":13,"column":6},"end":{"line":13,"column":24}},"7":{"start":{"line":17,"column":2},"end":{"line":37,"column":4}}},"fnMap":{"0":{"name":"(anonymous_0)","decl":{"start":{"line":6,"column":17},"end":{"line":6,"column":18}},"loc":{"start":{"line":6,"column":23},"end":{"line":38,"column":1}},"line":6},"1":{"name":"(anonymous_1)","decl":{"start":{"line":11,"column":12},"end":{"line":11,"column":13}},"loc":{"start":{"line":11,"column":18},"end":{"line":15,"column":3}},"line":11},"2":{"name":"(anonymous_2)","decl":{"start":{"line":12,"column":15},"end":{"line":12,"column":16}},"loc":{"start":{"line":12,"column":21},"end":{"line":14,"column":5}},"line":12}},"branchMap":{"0":{"loc":{"start":{"line":19,"column":7},"end":{"line":35,"column":7}},"type":"cond-expr","locations":[{"start":{"line":20,"column":8},"end":{"line":20,"column":39}},{"start":{"line":22,"column":8},"end":{"line":34,"column":11}}],"line":19}},"s":{"0":1,"1":3,"2":2,"3":2,"4":2,"5":1,"6":1,"7":2},"f":{"0":3,"1":1,"2":1},"b":{"0":[1,1]},"_coverageSchema":"1a1c01bbd47fc00a2c39e90264f33305004495a9","hash":"da781b951bfaa2989c703b19fabb333f55ac8e88"}
}
