TN:
SF:mocks/StyleMock.jsx
FNF:0
FNH:0
DA:1,4
LF:1
LH:1
BRF:0
BRH:0
end_of_record
TN:
SF:src/components/Card.jsx
FN:5,Card
FNF:1
FNH:1
FNDA:4,Card
DA:14,4
DA:64,3
LF:2
LH:2
BRDA:23,0,0,4
BRDA:23,0,1,2
BRDA:30,1,0,4
BRDA:30,1,1,0
BRDA:33,2,0,4
BRDA:33,2,1,0
BRDA:57,3,0,4
BRDA:57,3,1,2
BRF:8
BRH:6
end_of_record
TN:
SF:src/components/FoodList.jsx
FN:7,FoodList
FN:18,(anonymous_1)
FNF:2
FNH:2
FNDA:2,FoodList
FNDA:3,(anonymous_1)
DA:12,2
DA:14,2
DA:19,3
DA:34,2
LF:4
LH:4
BRDA:9,0,0,0
BRDA:23,1,0,2
BRDA:23,1,1,1
BRF:3
BRH:2
end_of_record
TN:
SF:src/components/Header.jsx
FN:6,Header
FN:15,(anonymous_1)
FN:20,(anonymous_2)
FN:40,(anonymous_3)
FN:44,(anonymous_4)
FN:48,(anonymous_5)
FN:51,(anonymous_6)
FN:62,(anonymous_7)
FN:68,(anonymous_8)
FNF:9
FNH:7
FNDA:5,Header
FNDA:0,(anonymous_1)
FNDA:1,(anonymous_2)
FNDA:1,(anonymous_3)
FNDA:0,(anonymous_4)
FNDA:8,(anonymous_5)
FNDA:1,(anonymous_6)
FNDA:10,(anonymous_7)
FNDA:1,(anonymous_8)
DA:7,5
DA:8,5
DA:13,5
DA:15,5
DA:16,0
DA:17,0
DA:20,5
DA:21,1
DA:22,1
DA:23,1
DA:26,5
DA:41,1
DA:42,1
DA:44,0
DA:49,8
DA:51,1
DA:63,10
DA:68,1
LF:18
LH:15
BRDA:44,0,0,0
BRDA:44,0,1,0
BRDA:46,1,0,5
BRDA:46,1,1,4
BRDA:66,2,0,4
BRDA:66,2,1,6
BRF:6
BRH:4
end_of_record
TN:
SF:src/components/Loader.jsx
FN:4,(anonymous_0)
FNF:1
FNH:1
FNDA:1,(anonymous_0)
DA:4,1
DA:5,1
LF:2
LH:2
BRF:0
BRH:0
end_of_record
TN:
SF:src/pages/MainPage.jsx
FN:6,(anonymous_0)
FN:11,(anonymous_1)
FN:12,(anonymous_2)
FNF:3
FNH:3
FNDA:3,(anonymous_0)
FNDA:1,(anonymous_1)
FNDA:1,(anonymous_2)
DA:6,1
DA:7,3
DA:8,2
DA:9,2
DA:11,2
DA:12,1
DA:13,1
DA:17,2
LF:8
LH:8
BRDA:19,0,0,1
BRDA:19,0,1,1
BRF:2
BRH:2
end_of_record
